<?xml version="1.0" encoding="UTF-8"?>
<testng-results ignored="0" total="1" passed="1" failed="0" skipped="0">
  <reporter-output>
  </reporter-output>
  <suite started-at="2026-04-08T03:55:47 IST" name="Default suite" finished-at="2026-04-08T03:55:55 IST" duration-ms="8230">
    <groups>
    </groups>
    <test started-at="2026-04-08T03:55:47 IST" name="Default test" finished-at="2026-04-08T03:55:55 IST" duration-ms="8230">
      <class name="testCases.TC001_Login">
        <test-method is-config="true" signature="setup()[pri:0, instance:testCases.TC001_Login@28701274]" started-at="2026-04-08T03:55:47 IST" name="setup" finished-at="2026-04-08T03:55:54 IST" duration-ms="6950" status="PASS">
          <reporter-output>
          </reporter-output>
        </test-method> <!-- setup -->
        <test-method signature="logindetails()[pri:0, instance:testCases.TC001_Login@28701274]" started-at="2026-04-08T03:55:54 IST" name="logindetails" finished-at="2026-04-08T03:55:54 IST" duration-ms="674" status="PASS">
          <reporter-output>
          </reporter-output>
        </test-method> <!-- logindetails -->
        <test-method is-config="true" signature="tearDown()[pri:0, instance:testCases.TC001_Login@28701274]" started-at="2026-04-08T03:55:54 IST" name="tearDown" finished-at="2026-04-08T03:55:55 IST" duration-ms="408" status="PASS">
          <reporter-output>
          </reporter-output>
        </test-method> <!-- tearDown -->
      </class> <!-- testCases.TC001_Login -->
    </test> <!-- Default test -->
  </suite> <!-- Default suite -->
</testng-results>
